app/build/intermediates/manifest_merge_blame_file/debug/manifest-merger-blame-debug-report.txt
1<?xml version="1.0" encoding="utf-8"?>
2<manifest xmlns:android="http://schemas.android.com/apk/res/android"
3    package="ph.moneytrack"
4    android:versionCode="1"
5    android:versionName="1.0" >
6
7    <uses-sdk
8        android:minSdkVersion="23"
8-->src/main/AndroidManifest.xml
9        android:targetSdkVersion="30" />
9-->src/main/AndroidManifest.xml
10
11    <uses-permission android:name="android.permission.INTERNET" />
11-->src/main/AndroidManifest.xml:3:5-66
11-->src/main/AndroidManifest.xml:3:22-64
12
13    <application
13-->src/main/AndroidManifest.xml:4:5-11:19
14        android:appComponentFactory="androidx.core.app.CoreComponentFactory"
14-->[androidx.core:core:1.6.0] AndroidManifest.xml:24:18-86
15        android:debuggable="true"
16        android:extractNativeLibs="false"
17        android:label="MoneyTrack PH"
17-->src/main/AndroidManifest.xml:4:50-79
18        android:theme="@style/AppTheme" >
18-->src/main/AndroidManifest.xml:4:18-49
19        <activity
19-->src/main/AndroidManifest.xml:5:9-10:20
20            android:name="ph.moneytrack.MainActivity"
20-->src/main/AndroidManifest.xml:5:19-47
21            android:exported="true" >
21-->src/main/AndroidManifest.xml:5:48-71
22            <intent-filter>
22-->src/main/AndroidManifest.xml:6:13-9:29
23                <action android:name="android.intent.action.MAIN" />
23-->src/main/AndroidManifest.xml:7:17-68
23-->src/main/AndroidManifest.xml:7:25-66
24
25                <category android:name="android.intent.category.LAUNCHER" />
25-->src/main/AndroidManifest.xml:8:17-76
25-->src/main/AndroidManifest.xml:8:27-74
26            </intent-filter>
27        </activity>
28
29        <provider
29-->[io.github.jan-tennert.supabase:gotrue-kt-android-debug:1.1.0] AndroidManifest.xml:9:9-17:20
30            android:name="androidx.startup.InitializationProvider"
30-->[io.github.jan-tennert.supabase:gotrue-kt-android-debug:1.1.0] AndroidManifest.xml:10:13-67
31            android:authorities="ph.moneytrack.androidx-startup"
31-->[io.github.jan-tennert.supabase:gotrue-kt-android-debug:1.1.0] AndroidManifest.xml:11:13-68
32            android:exported="false" >
32-->[io.github.jan-tennert.supabase:gotrue-kt-android-debug:1.1.0] AndroidManifest.xml:12:13-37
33            <meta-data
33-->[io.github.jan-tennert.supabase:gotrue-kt-android-debug:1.1.0] AndroidManifest.xml:14:13-16:52
34                android:name="io.github.jan.supabase.gotrue.SupabaseInitializer"
34-->[io.github.jan-tennert.supabase:gotrue-kt-android-debug:1.1.0] AndroidManifest.xml:15:17-81
35                android:value="androidx.startup" />
35-->[io.github.jan-tennert.supabase:gotrue-kt-android-debug:1.1.0] AndroidManifest.xml:16:17-49
36            <meta-data
36-->[androidx.lifecycle:lifecycle-process:2.6.1] AndroidManifest.xml:29:13-31:52
37                android:name="androidx.lifecycle.ProcessLifecycleInitializer"
37-->[androidx.lifecycle:lifecycle-process:2.6.1] AndroidManifest.xml:30:17-78
38                android:value="androidx.startup" />
38-->[androidx.lifecycle:lifecycle-process:2.6.1] AndroidManifest.xml:31:17-49
39            <meta-data
39-->[com.russhwolf:multiplatform-settings-no-arg-android-debug:1.0.0] AndroidManifest.xml:31:13-33:52
40                android:name="com.russhwolf.settings.SettingsInitializer"
40-->[com.russhwolf:multiplatform-settings-no-arg-android-debug:1.0.0] AndroidManifest.xml:32:17-74
41                android:value="androidx.startup" />
41-->[com.russhwolf:multiplatform-settings-no-arg-android-debug:1.0.0] AndroidManifest.xml:33:17-49
42            <meta-data
42-->[androidx.profileinstaller:profileinstaller:1.3.0] AndroidManifest.xml:29:13-31:52
43                android:name="androidx.profileinstaller.ProfileInstallerInitializer"
43-->[androidx.profileinstaller:profileinstaller:1.3.0] AndroidManifest.xml:30:17-85
44                android:value="androidx.startup" />
44-->[androidx.profileinstaller:profileinstaller:1.3.0] AndroidManifest.xml:31:17-49
45        </provider>
46
47        <service
47-->[androidx.room:room-runtime:2.3.0] AndroidManifest.xml:25:9-28:40
48            android:name="androidx.room.MultiInstanceInvalidationService"
48-->[androidx.room:room-runtime:2.3.0] AndroidManifest.xml:26:13-74
49            android:directBootAware="true"
49-->[androidx.room:room-runtime:2.3.0] AndroidManifest.xml:27:13-43
50            android:exported="false" />
50-->[androidx.room:room-runtime:2.3.0] AndroidManifest.xml:28:13-37
51
52        <receiver
52-->[androidx.profileinstaller:profileinstaller:1.3.0] AndroidManifest.xml:34:9-52:20
53            android:name="androidx.profileinstaller.ProfileInstallReceiver"
53-->[androidx.profileinstaller:profileinstaller:1.3.0] AndroidManifest.xml:35:13-76
54            android:directBootAware="false"
54-->[androidx.profileinstaller:profileinstaller:1.3.0] AndroidManifest.xml:36:13-44
55            android:enabled="true"
55-->[androidx.profileinstaller:profileinstaller:1.3.0] AndroidManifest.xml:37:13-35
56            android:exported="true"
56-->[androidx.profileinstaller:profileinstaller:1.3.0] AndroidManifest.xml:38:13-36
57            android:permission="android.permission.DUMP" >
57-->[androidx.profileinstaller:profileinstaller:1.3.0] AndroidManifest.xml:39:13-57
58            <intent-filter>
58-->[androidx.profileinstaller:profileinstaller:1.3.0] AndroidManifest.xml:40:13-42:29
59                <action android:name="androidx.profileinstaller.action.INSTALL_PROFILE" />
59-->[androidx.profileinstaller:profileinstaller:1.3.0] AndroidManifest.xml:41:17-91
59-->[androidx.profileinstaller:profileinstaller:1.3.0] AndroidManifest.xml:41:25-88
60            </intent-filter>
61            <intent-filter>
61-->[androidx.profileinstaller:profileinstaller:1.3.0] AndroidManifest.xml:43:13-45:29
62                <action android:name="androidx.profileinstaller.action.SKIP_FILE" />
62-->[androidx.profileinstaller:profileinstaller:1.3.0] AndroidManifest.xml:44:17-85
62-->[androidx.profileinstaller:profileinstaller:1.3.0] AndroidManifest.xml:44:25-82
63            </intent-filter>
64            <intent-filter>
64-->[androidx.profileinstaller:profileinstaller:1.3.0] AndroidManifest.xml:46:13-48:29
65                <action android:name="androidx.profileinstaller.action.SAVE_PROFILE" />
65-->[androidx.profileinstaller:profileinstaller:1.3.0] AndroidManifest.xml:47:17-88
65-->[androidx.profileinstaller:profileinstaller:1.3.0] AndroidManifest.xml:47:25-85
66            </intent-filter>
67            <intent-filter>
67-->[androidx.profileinstaller:profileinstaller:1.3.0] AndroidManifest.xml:49:13-51:29
68                <action android:name="androidx.profileinstaller.action.BENCHMARK_OPERATION" />
68-->[androidx.profileinstaller:profileinstaller:1.3.0] AndroidManifest.xml:50:17-95
68-->[androidx.profileinstaller:profileinstaller:1.3.0] AndroidManifest.xml:50:25-92
69            </intent-filter>
70        </receiver>
71    </application>
72
73</manifest>